<?xml version="1.0" encoding="UTF-8"?>
<!-- Generated by org.testng.reporters.JUnitReportReporter -->
<testsuite hostname="DESKTOP-DNQIM9N" failures="0" tests="1" name="webShop.TC_DD_36" time="7.801" errors="0" timestamp="2022-03-01T15:55:21 IST" skipped="0">
  <testcase classname="webShop.TC_DD_36" name="RemoveProduct" time="7.801"/>
  <system-out/>
</testsuite> <!-- webShop.TC_DD_36 -->
