<?xml version="1.0" encoding="UTF-8"?>
<!-- Generated by org.testng.reporters.JUnitReportReporter -->
<testsuite hostname="DESKTOP-DNQIM9N" failures="0" tests="1" name="webShop.TC_DD_35Test" time="16.032" errors="0" timestamp="2022-03-03T09:55:28 IST" skipped="0">
  <testcase classname="webShop.TC_DD_35Test" name="PlaceOrder" time="16.032"/>
  <system-out>
Home page is displayed successfully Data Downloads Page is displyed Successfully Product Image Music2 is displayed successfully  Product is added to cart successfully Shipping cart page is displayed Successfully Checkout page is displayed Successfully Your Order has been placed Successfully  </system-out>
</testsuite> <!-- webShop.TC_DD_35Test -->
