<?xml version="1.0" encoding="UTF-8"?>
<!-- Generated by org.testng.reporters.JUnitReportReporter -->
<testsuite hostname="DESKTOP-DNQIM9N" failures="0" tests="1" name="webShop.TC_DD_37Test" time="9.104" errors="0" timestamp="2022-03-02T15:36:16 IST" skipped="0">
  <testcase classname="webShop.TC_DD_37Test" name="addToWishList" time="9.104"/>
  <system-out>
Home page is displayed successfully Data Downloads Page is displyed Successfully Product Image Music2 is displayed successfully  WishList page is displayed successfully  Product added to Wishlist successfully  </system-out>
</testsuite> <!-- webShop.TC_DD_37Test -->
