<?xml version="1.0" encoding="UTF-8"?>
<!-- Generated by org.testng.reporters.JUnitReportReporter -->
<testsuite hostname="DESKTOP-DNQIM9N" failures="0" tests="1" name="computers.SampleTestCase" time="6.941" errors="0" timestamp="2022-02-28T15:16:46 IST" skipped="0">
  <testcase classname="computers.SampleTestCase" name="sample" time="6.941"/>
  <system-out/>
</testsuite> <!-- computers.SampleTestCase -->
