<?xml version="1.0" encoding="UTF-8"?>
<!-- Generated by org.testng.reporters.JUnitReportReporter -->
<testsuite hostname="DESKTOP-DNQIM9N" failures="0" tests="1" name="webShop.TC_DD_36Test" time="8.080" errors="0" timestamp="2022-03-02T15:36:36 IST" skipped="0">
  <testcase classname="webShop.TC_DD_36Test" name="removeProduct" time="8.080"/>
  <system-out>
Home page is displayed successfully Data Downloads Page is displyed Successfully Product Image Album3rd is displayed successfully  Product is displayed Successfully Producted is added to cart successfully Shipping cart page is displayed Successfully Product is Removed from Shipping Cart successfully  </system-out>
</testsuite> <!-- webShop.TC_DD_36Test -->
